git add -h
git addd -h
git alias -h
git am -h
git annotate -h
git apply -h
git archive -h
git balme -h
git biesct -h
git bisect -h
git blame -h
git branch -h
git branches -h
git bundle -h
git c -h
git cat -h
git chechout -h
git checjout -h
git checkout -h
git chkecout -h
git chmod -h
git ci -h
git clean -h
git clone -h
git co -h
git comit -h
git commit -h
git config -h
git cp -h
git d -h
git db -h
git ddi -h
git describe -h
git df -h
git dh -h
git di -h
git diff -h
git difftool -h
git div -h
git dm -h
git dn -h
git dv -h
git dvv -h
git dy -h
git fecth -h
git fetch -h
git fsck -h
git ftch -h
git gc -h
git gn -h
git go -h
git gog -h
git grep -h
git gui -h
git gv -h
git hd -h
git help -h
git icdiff -h
git imerge -h
git instaweb -h
git le -h
git lf -h
git lfs -h
git lg -h
git li -h
git ll -h
git log -h
git lp -h
git ls -h
git lsg -h
git match -h
git mc -h
git merge -h
git mergetool -h
git mv -h
git nlame -h
git p -h
git patch -h
git pll -h
git prune -h
git pull -h
git push -h
git reabse -h
git reaset -h
git rebaase -h
git rebae -h
git rebase -h
git reflog -h
git remot -h
git remote -h
git remove -h
git rerere -h
git reser -h
git reset -h
git rest -h
git revert -h
git revlist -h
git rm -h
git shell -h
git show -h
git stack -h
git standup -h
git stash -h
git status -h
git submodule -h
git sv -h
git tag -h
git tags -h
git tga -h
git tm -h
git webdiff -h
